<?xml version="1.0" encoding="UTF-8"?>
<testng-results skipped="0" failed="0" ignored="0" total="1" passed="1">
  <reporter-output>
  </reporter-output>
  <suite name="suite 1" duration-ms="16476" started-at="2021-11-23T14:41:49 IST" finished-at="2021-11-23T14:42:06 IST">
    <groups>
    </groups>
    <test name="test1" duration-ms="16476" started-at="2021-11-23T14:41:49 IST" finished-at="2021-11-23T14:42:06 IST">
      <class name="com.inetBankingV1.testcases.TC_LoginTest_001">
        <test-method status="PASS" signature="SetUp(java.lang.String)[pri:0, instance:com.inetBankingV1.testcases.TC_LoginTest_001@5649fd9b]" name="SetUp" is-config="true" duration-ms="15312" started-at="2021-11-23T14:41:49 IST" finished-at="2021-11-23T14:42:04 IST">
          <params>
            <param index="0">
              <value>
                <![CDATA[chrome]]>
              </value>
            </param>
          </params>
          <reporter-output>
          </reporter-output>
        </test-method> <!-- SetUp -->
        <test-method status="PASS" signature="Login()[pri:0, instance:com.inetBankingV1.testcases.TC_LoginTest_001@5649fd9b]" name="Login" duration-ms="322" started-at="2021-11-23T14:42:04 IST" finished-at="2021-11-23T14:42:05 IST">
          <reporter-output>
          </reporter-output>
        </test-method> <!-- Login -->
        <test-method status="PASS" signature="TearDown()[pri:0, instance:com.inetBankingV1.testcases.TC_LoginTest_001@5649fd9b]" name="TearDown" is-config="true" duration-ms="813" started-at="2021-11-23T14:42:05 IST" finished-at="2021-11-23T14:42:06 IST">
          <reporter-output>
          </reporter-output>
        </test-method> <!-- TearDown -->
      </class> <!-- com.inetBankingV1.testcases.TC_LoginTest_001 -->
    </test> <!-- test1 -->
  </suite> <!-- suite 1 -->
</testng-results>
