<?xml version="1.0" encoding="UTF-8"?>
<testng-results ignored="0" total="1" passed="1" failed="0" skipped="0">
  <reporter-output>
  </reporter-output>
  <suite started-at="2021-11-23T12:38:25 IST" name="suite 1" finished-at="2021-11-23T12:38:48 IST" duration-ms="22862">
    <groups>
    </groups>
    <test started-at="2021-11-23T12:38:25 IST" name="test1" finished-at="2021-11-23T12:38:48 IST" duration-ms="22862">
      <class name="com.inetBankingV1.testcases.TC_LoginTest_001">
        <test-method is-config="true" signature="SetUp(java.lang.String)[pri:0, instance:com.inetBankingV1.testcases.TC_LoginTest_001@28f3b248]" started-at="2021-11-23T12:38:25 IST" name="SetUp" finished-at="2021-11-23T12:38:47 IST" duration-ms="22250" status="PASS">
          <params>
            <param index="0">
              <value>
                <![CDATA[chrome]]>
              </value>
            </param>
          </params>
          <reporter-output>
          </reporter-output>
        </test-method> <!-- SetUp -->
        <test-method signature="Login()[pri:0, instance:com.inetBankingV1.testcases.TC_LoginTest_001@28f3b248]" started-at="2021-11-23T12:38:47 IST" name="Login" finished-at="2021-11-23T12:38:47 IST" duration-ms="218" status="PASS">
          <reporter-output>
          </reporter-output>
        </test-method> <!-- Login -->
        <test-method is-config="true" signature="TearDown()[pri:0, instance:com.inetBankingV1.testcases.TC_LoginTest_001@28f3b248]" started-at="2021-11-23T12:38:47 IST" name="TearDown" finished-at="2021-11-23T12:38:48 IST" duration-ms="363" status="PASS">
          <reporter-output>
          </reporter-output>
        </test-method> <!-- TearDown -->
      </class> <!-- com.inetBankingV1.testcases.TC_LoginTest_001 -->
    </test> <!-- test1 -->
  </suite> <!-- suite 1 -->
</testng-results>
